.	..
/
.	..
/
.	..
/
.	..
/
.	..	dkw
.	..	dkw
pgkvzqxvzz
./GYJ
.	..	FAV
.	..	hle
/JQT
.	..	FAV	vup
./IRH/FAV/HXA/SME/ELF/LXX
/JQT/IRH/FAV/HXA/SME
/JQT/IRH/FAV/HXA/SME/ELF
.	..
.	..	FIK
.	..	ELF	FIF
./ELF/LXX
/JQT/IRH/FAV/HXA/SME
/JQT/IRH/FAV/HXA/SME/ELF/LXX
/JQT/IRH/FAV/HXA/SME/ELF
/JQT/IRH/tiw
.	..	IRH	UDX
.	..	ELF	FIF
.	..	hcz	tdm
/JQT/IRH/FAV/HXA/SME/ELF
.	..	LXX
/JQT/IRH/FAV/HXA/SME/ELF
/JQT/IRH/FAV/HXA/SME/NWR
/JQT/IRH/FAV/HXA/SME/ELF
./LXX
/JQT/IRH
cbxoesutih
cbxoesutih
.	..	SME	XOI
/JQT/IRH/FAV/HXA
.	..
.	..	SME	XOI
./FAV/HXA/SME/ELF/LXX/vgx
./FAV/HXA/SME/ELF/YIY
/JQT/IRH
.	..	ELF	NWR
cbxoesutih
/JQT/IRH/FAV/HXA/XOI
cbxoesutih
btlmtpuhkz
/JQT/IRH/FAV/HXA/XOI
.	..
cbxoesutih
scuutycmee
/JQT/IRH/FAV/HXA/XOI
cbxoesutih
scuutycmee
btlmtpuhkz
.	..	LXX	YIY
btlmtpuhkz
.	..	HXA
/JQT/IRH/FAV/HXA/QJC
.	..	SGT
btlmtpuhkz
/JQT/IRH/FAV/HXA/QJC/SGT/ELF/LXX/gin
btlmtpuhkz
/JQT/IRH/FAV/HXA/XOI
.	..	LXX	YIY
.	..
dqfahnogzy
.	..	JQT
dqfahnogzy
koqtzodlwo
/JQT/IRH/FAV/HXA/QJC/SGT/ELF
/JQT/IRH/FAV/HXA/XOI/TSK
/JQT/IRH/FAV/HXA/QJC/SGT
.	..	SGT
kauxskghmv
kauxskghmv
kauxskghmv
/JQT/IRH/FAV/HXA/QJC/SGT/ELF/YIY
/JQT/IRH/FAV/HXA/XOI/TSK/YIY
/JQT/IRH/FAV/HXA/QJC
.	..	EHX	QJC	SME	XOI
.	..
/JQT/IRH/FAV/HXA/EHX/WCJ/JJW/JDG
.	..	RPG
/JQT/IRH/FAV/HXA/EHX/eba
/JQT/IRH/FAV/HXA/QJC/SGT/ELF
sipakcgfse
sipakcgfse
.	..	ETL	RPG
/JQT/IRH/FAV/HXA/SME/LXX/ETL
.	..	FAV
/JQT/IRH/FAV/HXA/EHX/WCJ/JJW
.	..
/JQT/IRH/FAV/HXA/EHX/eba
/JQT/IRH/FAV/HXA/EHX/WCJ/KZM
.	..	YVH
/JQT/IRH/FAV/HXA/EHX/WCJ/JJW/JDG/RNU/DQU/RZX
.	..	JJW	KZM
/JQT/IRH/FAV/HXA/EHX/WCJ/JJW/JDG/RNU/DQU/RZX
/JQT/IRH/FAV/HXA/EHX/WCJ/JJW/JDG/RNU/DQU/RZX
pvtlhmztij
/JQT/IRH/FAV/HXA/QJC/zpp
pvtlhmztij
.	..	RZX
/JQT
./IRH/FAV/HXA/QJC/SGT/ELF/iex
.	..	IPL
./IRH/FAV/HXA/QJC/SGT/ELF/wko
hytgoedcne
/JQT/IRH/FAV/HXA/QJC/zpp
/JQT/IRH/FAV/HXA
.	..	DQU
.	..	LZE
.	..	ELF	YRF
.	..	RNU
igootbnqli
igootbnqli
/JQT/IRH/FAV/HXA/QJC/SGT
/JQT/IRH/FAV/HXA/QJC/SGT/YRF/REQ
dveuwjpzdw
/JQT/IRH/FAV/HXA/QJC/SGT/YRF/REQ
/JQT/IRH/FAV/HXA/QJC/SGT/YRF/REQ
.	..	BKI	JJW	KZM
.	..
pvtlhmztij
.	..	EHX	EPR	QJC
.	..	IHP	REQ	XMJ
/JQT/IRH/FAV/HXA/QJC/SGT/YRF/REQ
/JQT/IRH/FAV/HXA/QJC/SGT/YRF/REQ
/JQT/IRH/FAV/HXA/QJC/wko
.	..
.	..	IPL
pvtlhmztij
bzqezprezy
/JQT/IRH/FAV/HXA/QJC/SGT/YRF/REQ
.	..	CBM	LZE	gon
ivrdgqtids
ebrwgceyib
/JQT/IRH/FAV/HXA/EPR/DKW/mmu
/JQT/IRH/FAV/HXA/QJC/SGT
/JQT/IRH/FAV/HXA/QJC/wko
/JQT/IRH/FAV/HXA/QJC/SGT/YRF/XMJ/CIF
ibiztnatjy
ltsnfdggsj
/JQT/IRH/FAV/HXA/EHX/WCJ/BKI
ivrdgqtids
ebrwgceyib
/JQT/IRH/FAV/HXA/EHX/WCJ
/JQT/IRH/NIT/NTA/SEM
/JQT/IRH/NIT/NTA/SEM
/JQT/IRH/NIT/NTA/SEM
/JQT/IRH/NIT/NTA/BPM/ECM/WYN/HXA/QJC/SGT/YRF/XMJ/CIF/CBM/SDC/AAA
.	..	AAA
/JQT/IRH/NIT/NTA/BPM/ECM/WYN/HXA/QJC/SGT/YRF
/JQT/IRH/NIT/NTA/BPM/ECM/WYN/HXA/QJC/SGT/YRF
./XMJ/CIF/REQ/IPL/zau
.	..	BPM	PRO	SEM
eqgavvkvww
ofgbggxlhz
ofgbggxlhz
/JQT/IRH/NIT/NTA/BPM/ECM
.	..	IWL	NTA
owieifzass
eqgavvkvww
ofgbggxlhz
imrzkzduhe
eqgavvkvww
/JQT/IRH/NIT/bbv
/JQT/IRH/NIT/NTA/BPM/ECM/WYN/HXA/QJC/SGT/YRF/XMJ/CIF/CBM
.	..
owieifzass
/JQT/IRH/NIT/IWL/OGL
/JQT/IRH/NIT/NTA/PRO/PUT/tvx
/JQT/IRH/NIT/NTA/BPM/ECM/WYN/HXA/QJC/SGT/YRF/XMJ
ofgbggxlhz
imrzkzduhe
/JQT/IRH/NIT/NTA/BPM/ECM/WYN/HXA/QJC
/JQT/IRH/NIT/NTA/BPM/ECM/WYN/CAR/sty
.	..	PFP
.	..	BPM	PRO
kdstjdhlzw
foqqpffcis
.	..	GLB	JQT	LQO
eqgavvkvww
/JQT/IRH/NIT/NTA/BPM/ECM/WYN/HXA/QJC/SGT/YRF/XMJ/CIF/CBM/SDC/AAA
/JQT/IRH/NIT/NTA/BPM/ECM/WYN/HXA/QJC/SGT/YRF/XMJ/CIF/CBM
/JQT/IRH/NIT/NTA/BPM/ECM/WYN/HXA/QJC/SGT/YRF/XMJ/CIF/CBM
.	..	zau
/JQT/IRH/NIT/NTA/BPM/ECM/WYN/HXA/QJC/SGT/YRF/XMJ/CIF/CBM
/JQT/IRH/NIT/NTA/BPM/ECM/WYN/HXA/QJC/SGT/YRF/XMJ/CIF/CBM
ofgbggxlhz
imrzkzduhe
savuygtpdm
fpftnwghwl
ttzylxpxti
/JQT/IRH/NIT/NTA/BPM/ECM/WYN/HXA/EPR/DKW/zau
/JQT/IRH/NIT/NTA/BPM/ECM/WYN/HXA/QJC/SGT/YRF/XMJ/CIF
ckipuuesre
kdstjdhlzw
/JQT/IRH/NIT/NTA/BPM/ECM/WYN/HXA/YGG/LRL
/LQO/LKE/BNP/CXM
.	..	GLB	JQT	LQO
.	..
/JQT/IRH/NIT/NTA/BPM/ECM/WYN/HXA/QJC/SGT/YRF/XMJ/CIF/REQ/pig
/GLB/UBN
/LQO
zkvvmxreyk
zkvvmxreyk
/JQT/IRH/NIT/NTA/BPM/ECM/WYN/HXA/QJC/SGT/YRF/XMJ/CIF
/JQT/IRH/NIT/NTA/BPM/ECM/WYN/HXA/QJC/SGT/YRF/XMJ/CIF
ivlykyceuu
./IRH/NIT/NTA/BPM/ECM/WYN/HXA/EPR/XNO/rtn
ttzylxpxti
eqgavvkvww
ckipuuesre
/JQT/IRH/NIT/NTA/PRO
/JQT/IRH/NIT/NTA/PRO
/JQT/IRH/NIT/NTA/BPM/ECM/WYN/UXG/hqv
ttzylxpxti
ckipuuesre
ttzylxpxti
/JQT/IRH/NIT/NTA/BPM/ECM/WYN/HXA/QJC/SGT/YRF/XMJ/CIF/REQ/WFW/NGV/XMR/LFR/elu
/JQT/IRH/NIT/NTA/BPM/ECM/WYN/HXA/YGG/YHA/IRK
.	..	IHP	XMJ
.	..	SDC	YPH
zkvvmxreyk
eqsxsonirh
.	..	AAA
/JQT/IRH/NIT/NTA/BPM/ECM/WYN/EJY/TRB
ttzylxpxti
/JQT/IRH/NIT/UXJ/BPM/ECM/WYN/HXA/QJC/SGT/YRF/XMJ/MFP/mqz
fqslarvdyl
lungrpsxdd
jqgjpogtih
.	..	GDK
lungrpsxdd
fqslarvdyl
/JQT/IRH/NIT/UXJ/BPM/ECM/WYN/HXA/QJC/SGT/YRF
/LQO/SVU
.	..
cxuhtpivit
/LQO/SVU
/JQT/IRH/NIT/UXJ/BPM/ECM/WYN/HXA/QJC/SGT/YRF/XMJ/CIF/REQ/WFW/MCN/VNU
.	..	IHP	XMJ
.	..
ryuwlfacby
/JQT/IRH/NIT/UXJ/PRO/PUT/tvx
/LQO/LKE/BKO
/LQO/LKE/BKO
/LQO/SVU/nzm
/LQO/SVU/JBS
.	..	LKE	UBN
/GLB/LKE
/GLB/LKE
/GLB/LKE
alvimvccoh
jovlsjverm
bxmhktjgnt
/GLB/LKE/url
/GLB/LKE
/GLB/LKE
.	..	BAU	GLB	LQO
jovlsjverm
.	..	XVC	fbl	mkr	rij
.	..
/BAU
/BAU
.	..	VEY
/GLB/UBN
/BAU
/GLB/UBN
/LQO/tcd
/GLB/LKE/mkr
/LQO/tcd
/GLB/QCH
/GLB/UBN/YQC
nftobjsrqt
.	..	CAM	FSZ	kxf
.	..	ROL	vvx
.	..	GLB	LQO
/GLB/UBN/YQC
/GLB/LKE
/GLB/LKE
/GLB/LKE
/GLB/LKE
.	..
nftobjsrqt
tfnndsusce
bxmhktjgnt
gigbwjmobc
dakvnhkzpa
./LKE/XVC/nye
.	..	OFC	UWG
.	..	vvx
/GLB
/GLB
/GLB
ngbiyicabx
/GLB
/GLB
.	..
sudjtboqnd
/GLB
/GLB/LKE/CAM/rbu
/GLB
.	..	LKE	LQO	UBN
vvhhpvwrxb
.	..	SQP
/GLB/LKE/CAM/IRG
nftobjsrqt
qdlismgsgc
cwxhodtmwv
/GLB/LQO
ipsrcpatty
.	..
.	..
/GLB/LQO/vvx
/GLB/UBN
ipsrcpatty
/GLB/UBN
qieoumxiiz
/GLB/UBN
/GLB/UBN
.	..	CIR
/GLB/LKE/CAM/IRG/VXQ/KFT
/GLB/LKE
./BWY/UWG/vvx
.	..	BDO
jovlsjverm
/GLB/LKE/XVC/EHH/NUF
.	..	VWI	ubk
/GLB/LKE/XVC/ESC/BDO
jovlsjverm
/GLB/LQO
/GLB/LKE/BWY/UWG
/GLB/LKE/XVC/ESC/BDO
/GLB/LKE/CAM/JLX/ATV/ALR/MKK/WPZ
jovlsjverm
/GLB/UBN/YQC/ZWZ
dlrnreqbhn
wcxgryqgei
zngxgnpkfk
tfnndsusce
qxrfveixky
dlrnreqbhn
wcxgryqgei
zngxgnpkfk
.	..	vvx
.	..
/GLB/LKE/CAM/kdb
/GLB/LQO
sgquhkwdko
sgquhkwdko
.	..	BWY	CAM	IBG	XVC
jovlsjverm
/GLB/LQO
/GLB/LKE/CAM/IRG/gar
/GLB/LKE/CAM/JLX/ATV/THZ/JTO/CIW
/GLB/LKE/BWY
vufyfmifyd
/GLB/UBN/YQC/ZWZ/XMJ/CIR
myilpyvayr
absauzsgab
kjpnrqtyyn
.	..
.	..	BMU
.	..	JTO	OKI
.	..
.	..	KFT
tfnndsusce
qxrfveixky
/GLB/LKE/CAM/IRG/gar
/GLB/LKE/XVC/ESC
.	..	BDO
/GLB/LKE/CAM/JLX
.	..
kvyadmppky
bsmrdsrnoq
.	..	EHH	ESC
yioqbftupw
/GLB/LKE/CAM/JLX/ATV/WQR
.	..	BWY	CAM	IBG	XVC
/GLB/LKE/CAM/JLX/ATV/THZ/OKI/onl
.	..	OLN	gar
kvyadmppky
/GLB/LKE/CAM/JLX/ATV/XNV/VEN
/GLB/LKE/CAM/JLX/ATV/THZ/JTO/CIW/KIF/ehj
bsmrdsrnoq
/GLB/LKE/CAM/JLX/ATV/THZ/JTO
/GLB/LKE/CAM/CBR
kvyadmppky
kvyadmppky
/GLB/LKE/CAM/JLX/ATV
zxicfcsokb
eidmjaiybx
/GLB/LKE/CAM/JLX/ATV
/GLB/LKE/CAM/JLX/ATV
.	..	LKE	UBN
.	..
.	..
tdeowdhilr
/GLB/LKE/XVC/EHH/NUF
/GLB/LKE/CAM/JLX/ATV
/GLB/LKE/CAM/JLX/ATV/THZ
/GLB/LKE/CAM/JLX/ATV
.	..	CBR	IRG	JLX
/iea
/GLB/LKE/CAM/IRG/VXQ
enjmthcmdi
enjmthcmdi
enjmthcmdi
/GLB/LKE/CAM/IRG/SQP
/GLB/LKE/CAM/IRG/SQP
/GLB/LKE/CAM/IRG/SQP
.	..
.	..
/GLB/LKE
.	..	KPD
tygjvmtadv
ntzpqxekdr
.	..	GJM	zao
.	..
/GLB/LKE/CAM/IRG/SQP
spouylirpq
/GLB/LKE/CAM/POT
.	..
/GLB/LKE/VVI/ORE
.	..	ORE	PLD
phedksxqdt
.	..
/YNC/PFY
.	..	NYC
/YNC/FBM/AVY
.	..	PJA
/GLB/LKE/BWY/CVZ
/YNC/FBM/rqd
/YNC/FBM/rqd
